[debug] [2022-08-18T04:57:27.656Z] ----------------------------------------------------------------------
[debug] [2022-08-18T04:57:27.658Z] Command:       C:\Program Files\nodejs\node.exe C:\Users\HP\AppData\Roaming\npm\node_modules\firebase-tools\lib\bin\firebase.js init
[debug] [2022-08-18T04:57:27.658Z] CLI Version:   11.7.0
[debug] [2022-08-18T04:57:27.659Z] Platform:      win32
[debug] [2022-08-18T04:57:27.659Z] Node Version:  v16.14.0
[debug] [2022-08-18T04:57:27.674Z] Time:          Thu Aug 18 2022 10:27:27 GMT+0530 (India Standard Time)
[debug] [2022-08-18T04:57:27.674Z] ----------------------------------------------------------------------
[debug] 
[debug] [2022-08-18T04:57:27.747Z] > command requires scopes: ["email","openid","https://www.googleapis.com/auth/cloudplatformprojects.readonly","https://www.googleapis.com/auth/firebase","https://www.googleapis.com/auth/cloud-platform"]
[debug] [2022-08-18T04:57:27.748Z] > authorizing via signed-in user (emailabhishekmittal@gmail.com)
[info] 
     ######## #### ########  ######## ########     ###     ######  ########
     ##        ##  ##     ## ##       ##     ##  ##   ##  ##       ##
     ######    ##  ########  ######   ########  #########  ######  ######
     ##        ##  ##    ##  ##       ##     ## ##     ##       ## ##
     ##       #### ##     ## ######## ########  ##     ##  ######  ########

You're about to initialize a Firebase project in this directory:

  D:\Mirror-Interactive-Discussion-Collab

Before we get started, keep in mind:

  * You are initializing within an existing Firebase project directory

